#-----------------------------------------------------------
# Vivado v2018.3 (64-bit)
# SW Build 2405991 on Thu Dec  6 23:38:27 MST 2018
# IP Build 2404404 on Fri Dec  7 01:43:56 MST 2018
# Start of session at: Fri Jul 31 09:54:16 2020
# Process ID: 7252
# Current directory: E:/aaagongcheng/Camera_Demo
# Command line: vivado.exe -gui_launcher_event rodinguilauncherevent9192 E:\aaagongcheng\Camera_Demo\Camera_Demo.xpr
# Log file: E:/aaagongcheng/Camera_Demo/vivado.log
# Journal file: E:/aaagongcheng/Camera_Demo\vivado.jou
#-----------------------------------------------------------
start_gui
open_project E:/aaagongcheng/Camera_Demo/Camera_Demo.xpr
Scanning sources...
Finished scanning sources
WARNING: [filemgmt 56-3] IP Repository Path: Could not find the directory 'E:/aaagongcheng/Camera_Demo/PLD/shuqi/SEA/Examples/FPGA-IP/Frequency-Divider-IP'.
WARNING: [filemgmt 56-3] IP Repository Path: Could not find the directory 'E:/aaagongcheng/Camera_Demo/PLD/shuqi/SEA/Examples/FPGA-IP/LED-IP'.
INFO: [IP_Flow 19-234] Refreshing IP repositories
INFO: [IP_Flow 19-1700] Loaded user IP repository 'e:/aaagongcheng/Camera_Demo/IP_Core'.
WARNING: [IP_Flow 19-2248] Failed to load user IP repository 'e:/aaagongcheng/Camera_Demo/PLD/shuqi/SEA/Examples/FPGA-IP/Frequency-Divider-IP'; Can't find the specified path.
If this directory should no longer be in your list of user repositories, go to the IP Settings dialog and remove it.
WARNING: [IP_Flow 19-2248] Failed to load user IP repository 'e:/aaagongcheng/Camera_Demo/PLD/shuqi/SEA/Examples/FPGA-IP/LED-IP'; Can't find the specified path.
If this directory should no longer be in your list of user repositories, go to the IP Settings dialog and remove it.
INFO: [IP_Flow 19-1700] Loaded user IP repository 'e:/Users ip'.
INFO: [IP_Flow 19-2313] Loaded Vivado IP repository 'F:/vivado/Vivado/2018.3/data/ip'.
CRITICAL WARNING: [IP_Flow 19-1663] Duplicate IP found for 'trenz.biz:user:csi_to_axis:1.0'. The one found in IP location 'e:/aaagongcheng/Camera_Demo/IP_Core/CSI2AXIS_1.0_IP' will take precedence over the same IP in location e:/Users ip/CSI2AXIS_1.0_IP
CRITICAL WARNING: [IP_Flow 19-1663] Duplicate IP found for 'trenz.biz:user:csi2_d_phy_rx:1.0'. The one found in IP location 'e:/aaagongcheng/Camera_Demo/IP_Core/CSI2DPHY_RX_1.0_IP' will take precedence over the same IP in location e:/Users ip/CSI2DPHY_RX_1.0_IP
CRITICAL WARNING: [IP_Flow 19-1663] Duplicate IP found for 'digilentinc.com:ip:rgb2dvi:1.2'. The one found in IP location 'e:/aaagongcheng/Camera_Demo/IP_Core/RGB2DVI_IP' will take precedence over the same IP in location e:/Users ip/RGB2DVI_IP
open_project: Time (s): cpu = 00:00:28 ; elapsed = 00:00:24 . Memory (MB): peak = 785.457 ; gain = 182.004
update_compile_order -fileset sources_1
open_hw
connect_hw_server
INFO: [Labtools 27-2285] Connecting to hw_server url TCP:localhost:3121
INFO: [Labtools 27-2222] Launching hw_server...
INFO: [Labtools 27-2221] Launch Output:

****** Xilinx hw_server v2018.3
  **** Build date : Dec  7 2018-00:40:27
    ** Copyright 1986-2018 Xilinx, Inc. All Rights Reserved.


open_hw_target
INFO: [Labtoolstcl 44-466] Opening hw_target localhost:3121/xilinx_tcf/Digilent/210512180081
open_hw_target: Time (s): cpu = 00:00:06 ; elapsed = 00:00:08 . Memory (MB): peak = 2189.383 ; gain = 914.254
set_property PROGRAM.FILE {E:/aaagongcheng/Camera_Demo/Camera_Demo.runs/impl_1/Camera_Demo.bit} [get_hw_devices xc7s15_0]
current_hw_device [get_hw_devices xc7s15_0]
refresh_hw_device -update_hw_probes false [lindex [get_hw_devices xc7s15_0] 0]
INFO: [Labtools 27-1435] Device xc7s15 (JTAG device index = 0) is not programmed (DONE status = 0).
set_property PROBES.FILE {} [get_hw_devices xc7s15_0]
set_property FULL_PROBES.FILE {} [get_hw_devices xc7s15_0]
set_property PROGRAM.FILE {E:/aaagongcheng/Camera_Demo/Camera_Demo.runs/impl_1/Camera_Demo.bit} [get_hw_devices xc7s15_0]
program_hw_devices [get_hw_devices xc7s15_0]
INFO: [Labtools 27-3164] End of startup status: HIGH
refresh_hw_device [lindex [get_hw_devices xc7s15_0] 0]
INFO: [Labtools 27-1434] Device xc7s15 (JTAG device index = 0) is programmed with a design that has no supported debug core(s) in it.
set_property PROBES.FILE {} [get_hw_devices xc7s15_0]
set_property FULL_PROBES.FILE {} [get_hw_devices xc7s15_0]
set_property PROGRAM.FILE {E:/aaagongcheng/Camera_Demo/Camera_Demo.runs/impl_1/Camera_Demo.bit} [get_hw_devices xc7s15_0]
program_hw_devices [get_hw_devices xc7s15_0]
INFO: [Labtools 27-3164] End of startup status: HIGH
refresh_hw_device [lindex [get_hw_devices xc7s15_0] 0]
INFO: [Labtools 27-1434] Device xc7s15 (JTAG device index = 0) is programmed with a design that has no supported debug core(s) in it.
set_property PROBES.FILE {} [get_hw_devices xc7s15_0]
set_property FULL_PROBES.FILE {} [get_hw_devices xc7s15_0]
set_property PROGRAM.FILE {E:/aaagongcheng/Camera_Demo/Camera_Demo.runs/impl_1/Camera_Demo.bit} [get_hw_devices xc7s15_0]
program_hw_devices [get_hw_devices xc7s15_0]
INFO: [Labtools 27-3164] End of startup status: HIGH
refresh_hw_device [lindex [get_hw_devices xc7s15_0] 0]
INFO: [Labtools 27-1434] Device xc7s15 (JTAG device index = 0) is programmed with a design that has no supported debug core(s) in it.
ERROR: [Labtoolstcl 44-513] HW Target shutdown. Closing target: localhost:3121/xilinx_tcf/Digilent/210512180081
reset_run impl_1 -prev_step 
launch_runs impl_1 -to_step write_bitstream -jobs 2
[Fri Jul 31 09:58:28 2020] Launched impl_1...
Run output will be captured here: E:/aaagongcheng/Camera_Demo/Camera_Demo.runs/impl_1/runme.log
INFO: [Labtoolstcl 44-466] Opening hw_target localhost:3121/xilinx_tcf/Digilent/210512180081
INFO: [Labtools 27-1435] Device xc7s15 (JTAG device index = 0) is not programmed (DONE status = 0).
WARNING: [Labtoolstcl 44-129] No matching hw_ila_data was found.
set_property PROBES.FILE {} [get_hw_devices xc7s15_0]
set_property FULL_PROBES.FILE {} [get_hw_devices xc7s15_0]
set_property PROGRAM.FILE {E:/aaagongcheng/Camera_Demo/Camera_Demo.runs/impl_1/Camera_Demo.bit} [get_hw_devices xc7s15_0]
program_hw_devices [get_hw_devices xc7s15_0]
INFO: [Labtools 27-3164] End of startup status: HIGH
refresh_hw_device [lindex [get_hw_devices xc7s15_0] 0]
INFO: [Labtools 27-1434] Device xc7s15 (JTAG device index = 0) is programmed with a design that has no supported debug core(s) in it.
ERROR: [Labtoolstcl 44-513] HW Target shutdown. Closing target: localhost:3121/xilinx_tcf/Digilent/210512180081
close_hw
reset_run synth_1
update_compile_order -fileset sources_1
launch_runs synth_1 -jobs 2
[Fri Jul 31 10:49:25 2020] Launched synth_1...
Run output will be captured here: E:/aaagongcheng/Camera_Demo/Camera_Demo.runs/synth_1/runme.log
launch_runs impl_1 -jobs 2
[Fri Jul 31 10:51:15 2020] Launched impl_1...
Run output will be captured here: E:/aaagongcheng/Camera_Demo/Camera_Demo.runs/impl_1/runme.log
launch_runs impl_1 -to_step write_bitstream -jobs 2
[Fri Jul 31 10:53:21 2020] Launched impl_1...
Run output will be captured here: E:/aaagongcheng/Camera_Demo/Camera_Demo.runs/impl_1/runme.log
open_hw
connect_hw_server
INFO: [Labtools 27-2285] Connecting to hw_server url TCP:localhost:3121
INFO: [Labtools 27-2222] Launching hw_server...
INFO: [Labtools 27-2221] Launch Output:

****** Xilinx hw_server v2018.3
  **** Build date : Dec  7 2018-00:40:27
    ** Copyright 1986-2018 Xilinx, Inc. All Rights Reserved.


open_hw_target
INFO: [Labtoolstcl 44-466] Opening hw_target localhost:3121/xilinx_tcf/Digilent/210512180081
set_property PROGRAM.FILE {E:/aaagongcheng/Camera_Demo/Camera_Demo.runs/impl_1/Camera_Demo.bit} [get_hw_devices xc7s15_0]
current_hw_device [get_hw_devices xc7s15_0]
refresh_hw_device -update_hw_probes false [lindex [get_hw_devices xc7s15_0] 0]
INFO: [Labtools 27-1435] Device xc7s15 (JTAG device index = 0) is not programmed (DONE status = 0).
set_property PROBES.FILE {} [get_hw_devices xc7s15_0]
set_property FULL_PROBES.FILE {} [get_hw_devices xc7s15_0]
set_property PROGRAM.FILE {E:/aaagongcheng/Camera_Demo/Camera_Demo.runs/impl_1/Camera_Demo.bit} [get_hw_devices xc7s15_0]
program_hw_devices [get_hw_devices xc7s15_0]
INFO: [Labtools 27-3164] End of startup status: HIGH
refresh_hw_device [lindex [get_hw_devices xc7s15_0] 0]
INFO: [Labtools 27-1434] Device xc7s15 (JTAG device index = 0) is programmed with a design that has no supported debug core(s) in it.
set_property PROBES.FILE {} [get_hw_devices xc7s15_0]
set_property FULL_PROBES.FILE {} [get_hw_devices xc7s15_0]
set_property PROGRAM.FILE {E:/aaagongcheng/Camera_Demo/Camera_Demo.runs/impl_1/Camera_Demo.bit} [get_hw_devices xc7s15_0]
program_hw_devices [get_hw_devices xc7s15_0]
INFO: [Labtools 27-3164] End of startup status: HIGH
refresh_hw_device [lindex [get_hw_devices xc7s15_0] 0]
INFO: [Labtools 27-1434] Device xc7s15 (JTAG device index = 0) is programmed with a design that has no supported debug core(s) in it.
set_property PROBES.FILE {} [get_hw_devices xc7s15_0]
set_property FULL_PROBES.FILE {} [get_hw_devices xc7s15_0]
set_property PROGRAM.FILE {E:/aaagongcheng/Camera_Demo/Camera_Demo.runs/impl_1/Camera_Demo.bit} [get_hw_devices xc7s15_0]
program_hw_devices [get_hw_devices xc7s15_0]
INFO: [Labtools 27-3164] End of startup status: HIGH
refresh_hw_device [lindex [get_hw_devices xc7s15_0] 0]
INFO: [Labtools 27-1434] Device xc7s15 (JTAG device index = 0) is programmed with a design that has no supported debug core(s) in it.
set_property PROBES.FILE {} [get_hw_devices xc7s15_0]
set_property FULL_PROBES.FILE {} [get_hw_devices xc7s15_0]
set_property PROGRAM.FILE {E:/aaagongcheng/Camera_Demo/Camera_Demo.runs/impl_1/Camera_Demo.bit} [get_hw_devices xc7s15_0]
program_hw_devices [get_hw_devices xc7s15_0]
INFO: [Labtools 27-3164] End of startup status: HIGH
refresh_hw_device [lindex [get_hw_devices xc7s15_0] 0]
INFO: [Labtools 27-1434] Device xc7s15 (JTAG device index = 0) is programmed with a design that has no supported debug core(s) in it.
ERROR: [Labtoolstcl 44-513] HW Target shutdown. Closing target: localhost:3121/xilinx_tcf/Digilent/210512180081
close_hw
reset_run synth_1
launch_runs synth_1 -jobs 2
[Fri Jul 31 11:31:25 2020] Launched synth_1...
Run output will be captured here: E:/aaagongcheng/Camera_Demo/Camera_Demo.runs/synth_1/runme.log
reset_run synth_1
launch_runs synth_1 -jobs 2
[Fri Jul 31 11:33:15 2020] Launched synth_1...
Run output will be captured here: E:/aaagongcheng/Camera_Demo/Camera_Demo.runs/synth_1/runme.log
launch_runs impl_1 -jobs 2
[Fri Jul 31 11:34:32 2020] Launched impl_1...
Run output will be captured here: E:/aaagongcheng/Camera_Demo/Camera_Demo.runs/impl_1/runme.log
launch_runs impl_1 -to_step write_bitstream -jobs 2
[Fri Jul 31 11:37:49 2020] Launched impl_1...
Run output will be captured here: E:/aaagongcheng/Camera_Demo/Camera_Demo.runs/impl_1/runme.log
open_hw
connect_hw_server
INFO: [Labtools 27-2285] Connecting to hw_server url TCP:localhost:3121
INFO: [Labtools 27-2222] Launching hw_server...
INFO: [Labtools 27-2221] Launch Output:

****** Xilinx hw_server v2018.3
  **** Build date : Dec  7 2018-00:40:27
    ** Copyright 1986-2018 Xilinx, Inc. All Rights Reserved.


open_hw_target
INFO: [Labtoolstcl 44-466] Opening hw_target localhost:3121/xilinx_tcf/Digilent/210512180081
ERROR: [Labtools 27-2269] No devices detected on target localhost:3121/xilinx_tcf/Digilent/210512180081.
Check cable connectivity and that the target board is powered up then
use the disconnect_hw_server and connect_hw_server to re-register this hardware target.
ERROR: [Common 17-39] 'open_hw_target' failed due to earlier errors.
set_property PROBES.FILE {} [get_hw_devices xc7s15_0]
set_property FULL_PROBES.FILE {} [get_hw_devices xc7s15_0]
set_property PROGRAM.FILE {E:/aaagongcheng/Camera_Demo/Camera_Demo.runs/impl_1/Camera_Demo.bit} [get_hw_devices xc7s15_0]
program_hw_devices [get_hw_devices xc7s15_0]
INFO: [Labtools 27-3164] End of startup status: HIGH
refresh_hw_device [lindex [get_hw_devices xc7s15_0] 0]
INFO: [Labtools 27-1434] Device xc7s15 (JTAG device index = 0) is programmed with a design that has no supported debug core(s) in it.
set_property PROBES.FILE {} [get_hw_devices xc7s15_0]
set_property FULL_PROBES.FILE {} [get_hw_devices xc7s15_0]
set_property PROGRAM.FILE {E:/aaagongcheng/Camera_Demo/Camera_Demo.runs/impl_1/Camera_Demo.bit} [get_hw_devices xc7s15_0]
program_hw_devices [get_hw_devices xc7s15_0]
INFO: [Labtools 27-3164] End of startup status: HIGH
refresh_hw_device [lindex [get_hw_devices xc7s15_0] 0]
INFO: [Labtools 27-1434] Device xc7s15 (JTAG device index = 0) is programmed with a design that has no supported debug core(s) in it.
ERROR: [Labtoolstcl 44-513] HW Target shutdown. Closing target: localhost:3121/xilinx_tcf/Digilent/210512180081
INFO: [Labtoolstcl 44-466] Opening hw_target localhost:3121/xilinx_tcf/Digilent/210512180081
INFO: [Labtools 27-1435] Device xc7s15 (JTAG device index = 0) is not programmed (DONE status = 0).
WARNING: [Labtoolstcl 44-129] No matching hw_ila_data was found.
set_property PROBES.FILE {} [get_hw_devices xc7s15_0]
set_property FULL_PROBES.FILE {} [get_hw_devices xc7s15_0]
set_property PROGRAM.FILE {E:/aaagongcheng/Camera_Demo/Camera_Demo.runs/impl_1/Camera_Demo.bit} [get_hw_devices xc7s15_0]
program_hw_devices [get_hw_devices xc7s15_0]
INFO: [Labtools 27-3164] End of startup status: HIGH
refresh_hw_device [lindex [get_hw_devices xc7s15_0] 0]
INFO: [Labtools 27-1434] Device xc7s15 (JTAG device index = 0) is programmed with a design that has no supported debug core(s) in it.
ERROR: [Labtoolstcl 44-513] HW Target shutdown. Closing target: localhost:3121/xilinx_tcf/Digilent/210512180081
exit
INFO: [Common 17-206] Exiting Vivado at Fri Jul 31 16:24:45 2020...
