#-----------------------------------------------------------
# Vivado v2018.3 (64-bit)
# SW Build 2405991 on Thu Dec  6 23:38:27 MST 2018
# IP Build 2404404 on Fri Dec  7 01:43:56 MST 2018
# Start of session at: Sat Aug  1 10:04:43 2020
# Process ID: 10288
# Current directory: E:/aaagongcheng/Camera_Demo
# Command line: vivado.exe -gui_launcher_event rodinguilauncherevent6416 E:\aaagongcheng\Camera_Demo\Camera_Demo.xpr
# Log file: E:/aaagongcheng/Camera_Demo/vivado.log
# Journal file: E:/aaagongcheng/Camera_Demo\vivado.jou
#-----------------------------------------------------------
start_gui
open_project E:/aaagongcheng/Camera_Demo/Camera_Demo.xpr
Scanning sources...
Finished scanning sources
WARNING: [filemgmt 56-3] IP Repository Path: Could not find the directory 'E:/aaagongcheng/Camera_Demo/PLD/shuqi/SEA/Examples/FPGA-IP/Frequency-Divider-IP'.
WARNING: [filemgmt 56-3] IP Repository Path: Could not find the directory 'E:/aaagongcheng/Camera_Demo/PLD/shuqi/SEA/Examples/FPGA-IP/LED-IP'.
INFO: [IP_Flow 19-234] Refreshing IP repositories
INFO: [IP_Flow 19-1700] Loaded user IP repository 'e:/aaagongcheng/Camera_Demo/IP_Core'.
WARNING: [IP_Flow 19-2248] Failed to load user IP repository 'e:/aaagongcheng/Camera_Demo/PLD/shuqi/SEA/Examples/FPGA-IP/Frequency-Divider-IP'; Can't find the specified path.
If this directory should no longer be in your list of user repositories, go to the IP Settings dialog and remove it.
WARNING: [IP_Flow 19-2248] Failed to load user IP repository 'e:/aaagongcheng/Camera_Demo/PLD/shuqi/SEA/Examples/FPGA-IP/LED-IP'; Can't find the specified path.
If this directory should no longer be in your list of user repositories, go to the IP Settings dialog and remove it.
INFO: [IP_Flow 19-1700] Loaded user IP repository 'e:/Users ip'.
INFO: [IP_Flow 19-2313] Loaded Vivado IP repository 'F:/vivado/Vivado/2018.3/data/ip'.
CRITICAL WARNING: [IP_Flow 19-1663] Duplicate IP found for 'trenz.biz:user:csi_to_axis:1.0'. The one found in IP location 'e:/aaagongcheng/Camera_Demo/IP_Core/CSI2AXIS_1.0_IP' will take precedence over the same IP in location e:/Users ip/CSI2AXIS_1.0_IP
CRITICAL WARNING: [IP_Flow 19-1663] Duplicate IP found for 'trenz.biz:user:csi2_d_phy_rx:1.0'. The one found in IP location 'e:/aaagongcheng/Camera_Demo/IP_Core/CSI2DPHY_RX_1.0_IP' will take precedence over the same IP in location e:/Users ip/CSI2DPHY_RX_1.0_IP
CRITICAL WARNING: [IP_Flow 19-1663] Duplicate IP found for 'digilentinc.com:ip:rgb2dvi:1.2'. The one found in IP location 'e:/aaagongcheng/Camera_Demo/IP_Core/RGB2DVI_IP' will take precedence over the same IP in location e:/Users ip/RGB2DVI_IP
open_project: Time (s): cpu = 00:00:36 ; elapsed = 00:00:30 . Memory (MB): peak = 805.105 ; gain = 214.199
update_compile_order -fileset sources_1
reset_run synth_1
launch_runs synth_1 -jobs 2
[Sat Aug  1 10:08:58 2020] Launched synth_1...
Run output will be captured here: E:/aaagongcheng/Camera_Demo/Camera_Demo.runs/synth_1/runme.log
update_compile_order -fileset sources_1
reset_run synth_1
exit
INFO: [Common 17-206] Exiting Vivado at Sat Aug  1 10:09:22 2020...
