Copyright 1986-2018 Xilinx, Inc. All Rights Reserved.
------------------------------------------------------------------------------------
| Tool Version : Vivado v.2018.3 (win64) Build 2405991 Thu Dec  6 23:38:27 MST 2018
| Date         : Sat Aug  1 10:21:24 2020
| Host         : DESKTOP-1U76CUD running 64-bit major release  (build 9200)
| Command      : report_control_sets -verbose -file color_control_sets_placed.rpt
| Design       : color
| Device       : xc7s15
------------------------------------------------------------------------------------

Control Set Information

Table of Contents
-----------------
1. Summary
2. Histogram
3. Flip-Flop Distribution
4. Detailed Control Set Information

1. Summary
----------

+----------------------------------------------------------+-------+
|                          Status                          | Count |
+----------------------------------------------------------+-------+
| Number of unique control sets                            |    47 |
| Unused register locations in slices containing registers |   157 |
+----------------------------------------------------------+-------+


2. Histogram
------------

+--------+--------------+
| Fanout | Control Sets |
+--------+--------------+
|      1 |            2 |
|      2 |            3 |
|      3 |            1 |
|      4 |            2 |
|      5 |            4 |
|      7 |            1 |
|      8 |            4 |
|      9 |            2 |
|     10 |            4 |
|     11 |            3 |
|     13 |            2 |
|    16+ |           19 |
+--------+--------------+


3. Flip-Flop Distribution
-------------------------

+--------------+-----------------------+------------------------+-----------------+--------------+
| Clock Enable | Synchronous Set/Reset | Asynchronous Set/Reset | Total Registers | Total Slices |
+--------------+-----------------------+------------------------+-----------------+--------------+
| No           | No                    | No                     |             589 |          197 |
| No           | No                    | Yes                    |             127 |           41 |
| No           | Yes                   | No                     |             169 |           52 |
| Yes          | No                    | No                     |             224 |           79 |
| Yes          | No                    | Yes                    |              31 |           14 |
| Yes          | Yes                   | No                     |             111 |           29 |
+--------------+-----------------------+------------------------+-----------------+--------------+


4. Detailed Control Set Information
-----------------------------------

+--------------------------------------------------------+------------------------------------------------------------------------------+----------------------------------------------------------------------------------------+------------------+----------------+
|                      Clock Signal                      |                                 Enable Signal                                |                                    Set/Reset Signal                                    | Slice Load Count | Bel Load Count |
+--------------------------------------------------------+------------------------------------------------------------------------------+----------------------------------------------------------------------------------------+------------------+----------------+
|  clk_10/inst/clk_out1                                  | MIPI_Camera_IIC/iic_sda_o_i_1_n_0                                            | MIPI_Camera_Driver/OV5647/i_rst                                                        |                1 |              1 |
|  MIPI_Trans_Driver/Data_Read/U0/clock_system_inst/pclk |                                                                              |                                                                                        |                1 |              1 |
| ~clk_10/inst/clk_out1                                  |                                                                              |                                                                                        |                2 |              2 |
|  MIPI_Trans_Driver/camera_clock/inst/clk_out1          |                                                                              | Mini_HDMI_Driver/U0/ClockGenInternal.ClockGenX/in0                                     |                1 |              2 |
|  MIPI_Trans_Driver/camera_clock/inst/clk_out1          |                                                                              | Mini_HDMI_Driver/U0/ClockGenInternal.ClockGenX/LockLostReset/aRst_int_0                |                1 |              2 |
|  Rgb0/Clk_Division0/inst/Clk                           |                                                                              |                                                                                        |                2 |              3 |
|  MIPI_Trans_Driver/camera_clock/inst/clk_out1          | MIPI_Trans_Driver/Driver_Csi_To_Dvp0/vid_active_video_o0                     | MIPI_Trans_Driver/Driver_Csi_To_Dvp0/unpack_cnt                                        |                1 |              4 |
|  MIPI_Trans_Driver/camera_clock/inst/clk_out1          |                                                                              | Mini_HDMI_Driver/U0/ClockGenInternal.ClockGenX/LockLostReset/SyncAsyncx/oSyncStages[1] |                1 |              4 |
|  clk_10/inst/clk_out2                                  | MIPI_Trans_Driver/Data_Read/U0/clock_system_inst/curr_delay                  |                                                                                        |                2 |              5 |
|  clk_10/inst/clk_out2                                  | MIPI_Trans_Driver/Data_Read/U0/clock_system_inst/end_dly_0                   |                                                                                        |                2 |              5 |
|  clk_10/inst/clk_out2                                  | MIPI_Trans_Driver/Data_Read/U0/clock_system_inst/start_dly_1                 |                                                                                        |                1 |              5 |
|  clk_10/inst/clk_out2                                  | MIPI_Trans_Driver/Data_Read/U0/clock_system_inst/sum_dly                     |                                                                                        |                2 |              5 |
|  clk_10/inst/clk_out1                                  | MIPI_Camera_Driver/initial_cnt[6]_i_1_n_0                                    | MIPI_Camera_Driver/OV5647/i_rst                                                        |                2 |              7 |
|  MIPI_Trans_Driver/Data_Read/U0/clock_system_inst/CLK  | MIPI_Trans_Driver/Data_To_Csi/U0/lane_align_inst/to_cnt[1]_1                 | MIPI_Trans_Driver/Data_To_Csi/U0/lane_align_inst/p_5_out[1]                            |                2 |              8 |
|  MIPI_Trans_Driver/Data_Read/U0/clock_system_inst/CLK  | MIPI_Trans_Driver/Data_To_Csi/U0/parser_inst/packet_size[15]                 |                                                                                        |                2 |              8 |
|  MIPI_Trans_Driver/Data_Read/U0/clock_system_inst/CLK  | MIPI_Trans_Driver/Data_To_Csi/U0/lane_align_inst/data_shift[1]_0             |                                                                                        |                3 |              8 |
|  MIPI_Trans_Driver/Data_Read/U0/clock_system_inst/CLK  | MIPI_Trans_Driver/Data_To_Csi/U0/lane_align_inst/to_cnt[0]_2                 | MIPI_Trans_Driver/Data_To_Csi/U0/lane_align_inst/p_5_out[0]                            |                2 |              8 |
|  Rgb0/Clk_Division0/inst/Clk                           | Rgb0/RGB_LED_Task0/inst/Driver_SK6805_0/Data_Cnt[8]_i_1_n_0                  |                                                                                        |                4 |              9 |
|  Rgb0/RGB_LED_Task0/inst/Clk_Division0/Clk             |                                                                              |                                                                                        |                4 |              9 |
|  MIPI_Trans_Driver/camera_clock/inst/clk_out1          | MIPI_Trans_Driver/Driver_Csi_To_Dvp0/vdata                                   | MIPI_Trans_Driver/Driver_Csi_To_Dvp0/vdata[9]_i_1_n_0                                  |                3 |             10 |
|  MIPI_Trans_Driver/camera_clock/inst/clk_out1          |                                                                              | Mini_HDMI_Driver/U0/DataEncoders[0].DataEncoder/pDataOutRaw[9]_i_1__1_n_0              |                4 |             10 |
|  MIPI_Trans_Driver/Data_Read/U0/clock_system_inst/CLK  | MIPI_Trans_Driver/Driver_Csi_To_Dvp0/axis_tvalid_i_reg_n_0_[0]               | MIPI_Trans_Driver/Driver_Csi_To_Dvp0/flg_down_valid                                    |                2 |             10 |
|  Rgb0/Clk_Division0/inst/Clk                           | Rgb0/RGB_LED_Task0/inst/Driver_SK6805_0/Send_Cnt[9]_i_1_n_0                  |                                                                                        |                5 |             10 |
|  MIPI_Trans_Driver/camera_clock/inst/clk_out1          | MIPI_Trans_Driver/Driver_Csi_To_Dvp0/vid_active_video_o0                     | MIPI_Trans_Driver/Driver_Csi_To_Dvp0/addrb_0                                           |                3 |             11 |
|  MIPI_Trans_Driver/camera_clock/inst/clk_out1          | MIPI_Trans_Driver/Driver_Bayer_To_RGB0/sel                                   | MIPI_Trans_Driver/Driver_Bayer_To_RGB0/addr_bram[10]_i_1_n_0                           |                2 |             11 |
|  MIPI_Trans_Driver/camera_clock/inst/clk_out1          |                                                                              | MIPI_Trans_Driver/Driver_Csi_To_Dvp0/flg_rise_frame                                    |                3 |             11 |
|  clk_10/inst/clk_out2                                  | MIPI_Trans_Driver/Data_Read/U0/clock_system_inst/wait_cnt                    | MIPI_Trans_Driver/Data_Read/U0/clock_system_inst/dly_gen.wait_cnt[12]_i_1_n_0          |                5 |             13 |
|  clk_10/inst/clk_out2                                  |                                                                              |                                                                                        |                9 |             13 |
|  MIPI_Trans_Driver/Data_Read/U0/clock_system_inst/CLK  | MIPI_Trans_Driver/Data_To_Csi/U0/parser_inst/transfer_cnt[15]_i_2_n_0        | MIPI_Trans_Driver/Data_To_Csi/U0/parser_inst/transfer_cnt[15]_i_1_n_0                  |                4 |             16 |
|  MIPI_Trans_Driver/Data_Read/U0/clock_system_inst/CLK  | MIPI_Trans_Driver/Data_To_Csi/U0/parser_inst/packet_size[7]                  |                                                                                        |                4 |             16 |
| ~MIPI_Trans_Driver/Data_Read/U0/clock_system_inst/CLK  |                                                                              |                                                                                        |                5 |             17 |
|  clk_10/inst/clk_out2                                  | MIPI_Trans_Driver/Data_Read/U0/clock_system_inst/dly_gen.acc_val[0]_i_1_n_0  | MIPI_Trans_Driver/Data_Read/U0/clock_system_inst/dly_gen.acc_cnt[19]_i_1_n_0           |                5 |             20 |
|  clk_10/inst/clk_out2                                  | MIPI_Trans_Driver/Data_Read/U0/clock_system_inst/dly_gen.acc_cnt[19]_i_1_n_0 |                                                                                        |                5 |             20 |
|  clk_10/inst/clk_out2                                  |                                                                              | MIPI_Trans_Driver/Data_Read/U0/clock_system_inst/dly_gen.acc_cnt[19]_i_1_n_0           |                6 |             20 |
| ~Rgb0/RGB_LED_Task0/inst/Clk_Division1/Clk_2           |                                                                              |                                                                                        |                7 |             21 |
|  clk_10/inst/clk_out1                                  | MIPI_Camera_Driver/flg_data_ok_i_1_n_0                                       | MIPI_Camera_Driver/OV5647/i_rst                                                        |               11 |             23 |
|  MIPI_Trans_Driver/camera_clock/inst/clk_out1          | MIPI_Trans_Driver/Driver_Bayer_To_RGB0/rgb_data_g[9]_i_1_n_0                 |                                                                                        |                8 |             24 |
|  MIPI_Trans_Driver/camera_clock/inst/clk_out1          |                                                                              | Mini_HDMI_Driver/U0/DataEncoders[0].DataEncoder/SR[0]                                  |               15 |             32 |
|  clk_10/inst/clk_out1                                  |                                                                              | Rgb0/RGB_LED_Task0/inst/Clk_Division1/Count[0]_i_1_n_0                                 |                8 |             32 |
|  clk_10/inst/clk_out1                                  |                                                                              | Rgb0/RGB_LED_Task0/inst/Clk_Division0/Count0                                           |                8 |             32 |
|  clk_10/inst/clk_out1                                  |                                                                              | Rgb0/Clk_Division0/inst/Count[0]_i_1_n_0                                               |                8 |             32 |
|  MIPI_Trans_Driver/Data_Read/U0/clock_system_inst/CLK  | MIPI_Trans_Driver/Data_Read/U0/dl0_rxvalidhs                                 |                                                                                        |               18 |             48 |
|  clk_10/inst/clk_out1                                  | RGB_To_HSV0/HSV_Data_Tmp_H                                                   |                                                                                        |               23 |             61 |
|  clk_10/inst/clk_out1                                  |                                                                              |                                                                                        |               43 |            106 |
|  clk_10/inst/clk_out1                                  |                                                                              | MIPI_Camera_Driver/OV5647/i_rst                                                        |               38 |            119 |
|  MIPI_Trans_Driver/Data_Read/U0/clock_system_inst/CLK  |                                                                              |                                                                                        |               45 |            140 |
|  MIPI_Trans_Driver/camera_clock/inst/clk_out1          |                                                                              |                                                                                        |               79 |            289 |
+--------------------------------------------------------+------------------------------------------------------------------------------+----------------------------------------------------------------------------------------+------------------+----------------+


